2025-05-11 20:15:43 INFO: Phase 1 examples: ['3', '6', '7']
2025-05-11 20:15:43 INFO: Running in generation mode
2025-05-11 20:15:43 INFO: Repair steps: 10
2025-05-11 20:15:43 INFO: Generation initialized with phase1_examples: ['3', '6', '7']
2025-05-11 20:15:43 INFO: Generation initialized with repair_uniform: False
2025-05-11 20:15:43 INFO: Generating proof code
2025-05-11 20:15:43 INFO: Temperature: 1.0
2025-05-11 20:15:43 INFO: Direct inference attempt 0
2025-05-11 20:15:43 INFO: cache hit
2025-05-11 20:15:43 INFO: Checking candidate 0-0
2025-05-11 20:15:44 INFO: Verus has succeeded.
2025-05-11 20:15:44 INFO: Checking candidate 0-1
2025-05-11 20:15:45 INFO: Verus has succeeded.
2025-05-11 20:15:45 INFO: Checking candidate 0-2
2025-05-11 20:15:46 ERROR: Error: 'NoneType' object is not subscriptable
2025-05-11 20:15:46 ERROR: Error: 'NoneType' object is not subscriptable
2025-05-11 20:15:46 INFO: Checking candidate 0-3
2025-05-11 20:15:47 ERROR: Error: 'NoneType' object is not subscriptable
2025-05-11 20:15:47 ERROR: Error: 'NoneType' object is not subscriptable
2025-05-11 20:15:48 INFO: Checking candidate 0-4
2025-05-11 20:15:48 ERROR: Error: 'NoneType' object is not subscriptable
2025-05-11 20:15:48 ERROR: Error: 'NoneType' object is not subscriptable
2025-05-11 20:15:49 INFO: Regenerate...
2025-05-11 20:15:49 INFO: Direct inference attempt 1
2025-05-11 20:15:49 INFO: cache hit
2025-05-11 20:15:49 INFO: Checking candidate 1-0
2025-05-11 20:15:49 INFO: Verus has succeeded.
2025-05-11 20:15:50 INFO: Checking candidate 1-1
2025-05-11 20:15:51 INFO: Verus has succeeded.
2025-05-11 20:15:51 INFO: Checking candidate 1-2
2025-05-11 20:15:52 ERROR: Error: 'NoneType' object is not subscriptable
2025-05-11 20:15:52 ERROR: Error: 'NoneType' object is not subscriptable
2025-05-11 20:15:52 INFO: Checking candidate 1-3
2025-05-11 20:15:53 ERROR: Error: 'NoneType' object is not subscriptable
2025-05-11 20:15:53 ERROR: Error: 'NoneType' object is not subscriptable
2025-05-11 20:15:53 INFO: Checking candidate 1-4
2025-05-11 20:15:54 ERROR: Error: 'NoneType' object is not subscriptable
2025-05-11 20:15:54 ERROR: Error: 'NoneType' object is not subscriptable
2025-05-11 20:15:55 INFO: Regenerate...
2025-05-11 20:15:55 INFO: Direct inference attempt 2
2025-05-11 20:15:55 INFO: cache hit
2025-05-11 20:15:55 INFO: Checking candidate 2-0
2025-05-11 20:15:55 INFO: Verus has succeeded.
2025-05-11 20:15:56 INFO: Checking candidate 2-1
2025-05-11 20:15:57 INFO: Verus has succeeded.
2025-05-11 20:15:57 INFO: Checking candidate 2-2
2025-05-11 20:15:58 ERROR: Error: 'NoneType' object is not subscriptable
2025-05-11 20:15:58 ERROR: Error: 'NoneType' object is not subscriptable
2025-05-11 20:15:58 INFO: Checking candidate 2-3
2025-05-11 20:15:59 ERROR: Error: 'NoneType' object is not subscriptable
2025-05-11 20:15:59 ERROR: Error: 'NoneType' object is not subscriptable
2025-05-11 20:15:59 INFO: Checking candidate 2-4
2025-05-11 20:16:00 ERROR: Error: 'NoneType' object is not subscriptable
2025-05-11 20:16:00 ERROR: Error: 'NoneType' object is not subscriptable
2025-05-11 20:16:01 INFO: Regenerate...
2025-05-11 20:16:01 ERROR: No valid code found!
2025-05-11 20:16:06 INFO: refining with constantrefine_inference
2025-05-11 20:16:06 INFO: cache hit
2025-05-11 20:16:06 INFO: Verus has succeeded.
2025-05-11 20:16:06 INFO: use vstd::prelude::*;
fn main() {}

verus!{
fn reverse(v: &mut Vec<u64>)
requires
    true
ensures
    v.len() == old(v).len(),
    forall|i: nat| i < v.len() ==> v[( i ) as int] == old(v)[v.len() - 1 - i]
{
    let length = v.len();
    let mut n: usize = 0;
    while n < length / 2
        invariant
            n <= length / 2,
            v.len() == length,
            forall|i: nat| i < n ==> v[( i ) as int] == old(v)[length - 1 - i],
            forall|i: nat| i < n ==> v[length - 1 - i] == old(v)[( i ) as int],
            forall|i: nat| n <= i && i < length - n ==> v[( i ) as int] == old(v)[( i ) as int],
    {
        let x = v[n];
        let y = v[length - 1 - n];
        v.set(n, y);
        v.set(length - 1 - n, x);

        n = n + 1;
    }
}
}
2025-05-11 20:16:11 INFO: Verus succeeded with refinement!!
2025-05-11 20:16:11 INFO: finished!
['use vstd::prelude::*;\nfn main() {}\n\nverus!{\nfn reverse(v: &mut Vec<u64>)\nrequires\n    true\nensures\n    v.len() == old(v).len(),\n    forall|i: nat| i < v.len() ==> v[( i ) as int] == old(v)[v.len() - 1 - i]\n{\n    let length = v.len();\n    let mut n: usize = 0;\n    while n < length / 2\n        invariant\n            n <= length / 2,\n            v.len() == length,\n            forall|i: nat| i < n ==> v[( i ) as int] == old(v)[length - 1 - i],\n            forall|i: nat| i < n ==> v[length - 1 - i] == old(v)[( i ) as int],\n            forall|i: nat| n <= i && i < length - n ==> v[( i ) as int] == old(v)[( i ) as int],\n    {\n        let x = v[n];\n        let y = v[length - 1 - n];\n        v.set(n, y);\n        v.set(length - 1 - n, x);\n\n        n = n + 1;\n    }\n}\n}']
